[01/06/2023 16:52:49] Debug: Session id: 64d791ed-7418-4a30-97c6-9b3343358ae5
[01/06/2023 16:52:49] Debug: Code Processor information: Name :RapidScanBds, Version: 5.1.19.0
[01/06/2023 16:52:50] Info: Free product license creation requested for: 'orellabac'.
[01/06/2023 16:52:51] Info: Free product license for: 'orellabac' created successfully.
[01/06/2023 16:52:52] Debug: Getting license
[01/06/2023 16:52:52] Debug: License information
	Status: Successful
[01/06/2023 16:52:52] Debug: Getting license
[01/06/2023 16:52:52] Debug: License information
	Status: Successful
[01/06/2023 16:52:52] Info: Starting to validate parameters
[01/06/2023 16:52:52] Info: Parameters to validate: 
	Execution mode: Assessment
	LICENSE_KEY: 6f49639e-2715-46a2-9489-4e9c38424632
[01/06/2023 16:52:52] Info: Validation of parameters: Success
[01/06/2023 16:52:52] Debug: Getting code descriptor
[01/06/2023 16:52:52] Debug: Code descriptor information
	Units: 0
	Units type: 
	All file bytes: 3069850
	All found extensions: .svg,.ttf,.js,.eot,,.gif,.woff,.png,.html,.css
[01/06/2023 16:52:52] Debug: Calculating fingerprint
[01/06/2023 16:52:52] Debug: Fingerprint information Fingerprint(size=3069850,projects=1)
[01/06/2023 16:52:52] Info: Starting to try to validate online license for execution
[01/06/2023 16:52:53] Debug: Getting license
[01/06/2023 16:52:53] Debug: License information
	Status: Successful
[01/06/2023 16:52:53] Debug: Starting the execution of the controller
[01/06/2023 16:52:54] Debug: Executing the worker: GenericScanner
[01/06/2023 16:52:55] Debug: Finished executing the worker: GenericScanner
[01/06/2023 16:52:56] Info: Controller execution ended
